Assembler report for Pipelined_MIPS
Tue Sep 26 21:44:19 2017
Quartus Prime Version 16.1.0 Build 196 10/24/2016 SJ Lite Edition


---------------------
; Table of Contents ;
---------------------
  1. Legal Notice
  2. Assembler Summary
  3. Assembler Settings
  4. Assembler Generated Files
  5. Assembler Device Options: D:/Cloud_Storage/Google Drive/Faculdade/Semestre 4/OC II/TPs/OC2_MIPS_Processador_Pipeline/output_files/Pipelined_MIPS.sof
  6. Assembler Messages



----------------
; Legal Notice ;
----------------
Copyright (C) 2016  Intel Corporation. All rights reserved.
Your use of Intel Corporation's design tools, logic functions 
and other software and tools, and its AMPP partner logic 
functions, and any output files from any of the foregoing 
(including device programming or simulation files), and any 
associated documentation or information are expressly subject 
to the terms and conditions of the Intel Program License 
Subscription Agreement, the Intel Quartus Prime License Agreement,
the Intel MegaCore Function License Agreement, or other 
applicable license agreement, including, without limitation, 
that your use is for the sole purpose of programming logic 
devices manufactured by Intel and sold by Intel or its 
authorized distributors.  Please refer to the applicable 
agreement for further details.



+---------------------------------------------------------------+
; Assembler Summary                                             ;
+-----------------------+---------------------------------------+
; Assembler Status      ; Successful - Tue Sep 26 21:44:19 2017 ;
; Revision Name         ; Pipelined_MIPS                        ;
; Top-level Entity Name ; processor                             ;
; Family                ; MAX 10                                ;
; Device                ; 10M50DAF484C7G                        ;
+-----------------------+---------------------------------------+


+----------------------------------+
; Assembler Settings               ;
+--------+---------+---------------+
; Option ; Setting ; Default Value ;
+--------+---------+---------------+


+----------------------------------------------------------------------------------------------------------------------------+
; Assembler Generated Files                                                                                                  ;
+----------------------------------------------------------------------------------------------------------------------------+
; File Name                                                                                                                  ;
+----------------------------------------------------------------------------------------------------------------------------+
; D:/Cloud_Storage/Google Drive/Faculdade/Semestre 4/OC II/TPs/OC2_MIPS_Processador_Pipeline/output_files/Pipelined_MIPS.sof ;
+----------------------------------------------------------------------------------------------------------------------------+


+------------------------------------------------------------------------------------------------------------------------------------------------------+
; Assembler Device Options: D:/Cloud_Storage/Google Drive/Faculdade/Semestre 4/OC II/TPs/OC2_MIPS_Processador_Pipeline/output_files/Pipelined_MIPS.sof ;
+----------------+-------------------------------------------------------------------------------------------------------------------------------------+
; Option         ; Setting                                                                                                                             ;
+----------------+-------------------------------------------------------------------------------------------------------------------------------------+
; Device         ; 10M50DAF484C7G                                                                                                                      ;
; JTAG usercode  ; 0x00285BCF                                                                                                                          ;
; Checksum       ; 0x00285BCF                                                                                                                          ;
+----------------+-------------------------------------------------------------------------------------------------------------------------------------+


+--------------------+
; Assembler Messages ;
+--------------------+
Info: *******************************************************************
Info: Running Quartus Prime Assembler
    Info: Version 16.1.0 Build 196 10/24/2016 SJ Lite Edition
    Info: Processing started: Tue Sep 26 21:44:13 2017
Info: Command: quartus_asm --read_settings_files=off --write_settings_files=off Pipelined_MIPS -c Pipelined_MIPS
Warning (18236): Number of processors has not been specified which may cause overloading on shared machines.  Set the global assignment NUM_PARALLEL_PROCESSORS in your QSF to an appropriate value for best performance.
Info (115031): Writing out detailed assembly data for power analysis
Info (115030): Assembler is generating device programming files
Info: Quartus Prime Assembler was successful. 0 errors, 1 warning
    Info: Peak virtual memory: 597 megabytes
    Info: Processing ended: Tue Sep 26 21:44:20 2017
    Info: Elapsed time: 00:00:07
    Info: Total CPU time (on all processors): 00:00:05


